c:\users\saras\onedrive\desktop\circle_dll\debug\circle_dll.lib
c:\users\saras\onedrive\desktop\circle_dll\debug\circle_dll.exp
c:\users\saras\onedrive\desktop\circle_dll\circle_dll\debug\circle_dll.pch
c:\users\saras\onedrive\desktop\circle_dll\circle_dll\debug\vc142.pdb
c:\users\saras\onedrive\desktop\circle_dll\circle_dll\debug\vc142.idb
c:\users\saras\onedrive\desktop\circle_dll\circle_dll\debug\pch.obj
c:\users\saras\onedrive\desktop\circle_dll\circle_dll\debug\timeseries.obj
c:\users\saras\onedrive\desktop\circle_dll\circle_dll\debug\simpleanomalydetector.obj
c:\users\saras\onedrive\desktop\circle_dll\circle_dll\debug\mincircle.obj
c:\users\saras\onedrive\desktop\circle_dll\circle_dll\debug\dllmain.obj
c:\users\saras\onedrive\desktop\circle_dll\circle_dll\debug\circle.obj
c:\users\saras\onedrive\desktop\circle_dll\circle_dll\debug\anomaly_detection_util.obj
c:\users\saras\onedrive\desktop\circle_dll\debug\circle_dll.dll
c:\users\saras\onedrive\desktop\circle_dll\debug\circle_dll.ilk
c:\users\saras\onedrive\desktop\circle_dll\debug\circle_dll.pdb
c:\users\saras\onedrive\desktop\circle_dll\circle_dll\debug\circle_dll.tlog\circle_dll.write.1u.tlog
c:\users\saras\onedrive\desktop\circle_dll\circle_dll\debug\circle_dll.tlog\cl.command.1.tlog
c:\users\saras\onedrive\desktop\circle_dll\circle_dll\debug\circle_dll.tlog\cl.read.1.tlog
c:\users\saras\onedrive\desktop\circle_dll\circle_dll\debug\circle_dll.tlog\cl.write.1.tlog
c:\users\saras\onedrive\desktop\circle_dll\circle_dll\debug\circle_dll.tlog\link.command.1.tlog
c:\users\saras\onedrive\desktop\circle_dll\circle_dll\debug\circle_dll.tlog\link.read.1.tlog
c:\users\saras\onedrive\desktop\circle_dll\circle_dll\debug\circle_dll.tlog\link.write.1.tlog
